[2017-05-02 10:52:49.186] [DEBUG] jive-sdk - Zipping extension_src/public/stylesheets/style.css to extension.zip  :  public/stylesheets/style.css
[2017-05-02 10:52:49.196] [DEBUG] jive-sdk - Zipping extension_src/public/tiles/sampletile-list/action.html to extension.zip  :  public/tiles/sampletile-list/action.html
[2017-05-02 10:52:49.196] [DEBUG] jive-sdk - Zipping extension_src/public/tiles/sampletile-list/configuration.html to extension.zip  :  public/tiles/sampletile-list/configuration.html
[2017-05-02 10:52:49.206] [DEBUG] jive-sdk - Zipping extension_src/public/tiles/sampletile-list/javascripts/action.js to extension.zip  :  public/tiles/sampletile-list/javascripts/action.js
[2017-05-02 10:52:49.206] [DEBUG] jive-sdk - Zipping extension_src/public/tiles/sampletile-list/javascripts/main.js to extension.zip  :  public/tiles/sampletile-list/javascripts/main.js
[2017-05-02 10:52:49.206] [DEBUG] jive-sdk - Zipping extension_src/public/tiles/sampletile-list/stylesheets/main.css to extension.zip  :  public/tiles/sampletile-list/stylesheets/main.css
[2017-05-02 10:52:49.295] [INFO] jive-sdk - Bootstrap complete.
[2017-05-02 10:54:48.843] [WARN] jive-sdk - ******************************
[2017-05-02 10:54:48.843] [WARN] jive-sdk - File persistence is configured.
[2017-05-02 10:54:48.843] [WARN] jive-sdk - Please note that this should
[2017-05-02 10:54:48.843] [WARN] jive-sdk - not be used for production!
[2017-05-02 10:54:48.843] [WARN] jive-sdk - ******************************
[2017-05-02 10:54:48.843] [DEBUG] jive-sdk - File persistence dir at 'db'
[2017-05-02 10:54:48.853] [INFO] jive-sdk - Updating definition sampletile-list
[2017-05-02 10:54:48.863] [DEBUG] jive-sdk - Registered system event  newInstance :  no description
[2017-05-02 10:54:48.863] [DEBUG] jive-sdk - Registered system event  updateInstance :  no description
[2017-05-02 10:54:48.863] [DEBUG] jive-sdk - Registered event for sampletile-list : 'sampletile-list.10000.0'  Unique to definition
[2017-05-02 10:54:48.863] [DEBUG] jive-sdk - Route added for sampletile-list : [GET] /sampletile-list/action  ->  E:\MyNewAddOnTile/tiles/sampletile-list/backend/routes/action/get.js
[2017-05-02 10:54:48.873] [DEBUG] jive-sdk - Route added for sampletile-list : [GET] /sampletile-list/configure  ->  E:\MyNewAddOnTile/tiles/sampletile-list/backend/routes/configure/get.js
[2017-05-02 10:54:48.873] [INFO] jive-sdk - Running bootstrap.
[2017-05-02 10:54:48.873] [DEBUG] jive-sdk - Registered system event  newInstance :  Framework handler
[2017-05-02 10:54:48.873] [DEBUG] jive-sdk - Registered system event  updateInstance :  Framework handler
[2017-05-02 10:54:48.873] [DEBUG] jive-sdk - Registered system event  destroyedInstance :  Framework handler
[2017-05-02 10:54:48.873] [DEBUG] jive-sdk - Registered system event  dataPushed :  Framework handler
[2017-05-02 10:54:48.873] [DEBUG] jive-sdk - Registered system event  activityPushed :  Framework handler
[2017-05-02 10:54:48.873] [DEBUG] jive-sdk - Registered system event  commentPushed :  Framework handler
[2017-05-02 10:54:48.873] [DEBUG] jive-sdk - Registered system event  pushDataToJive :  Framework handler
[2017-05-02 10:54:48.873] [DEBUG] jive-sdk - Registered system event  pushActivityToJive :  Framework handler
[2017-05-02 10:54:48.873] [DEBUG] jive-sdk - Registered system event  fetchActivityByExternalIDFromJive :  Framework handler
[2017-05-02 10:54:48.873] [DEBUG] jive-sdk - Registered system event  updateActivityToJive :  Framework handler
[2017-05-02 10:54:48.883] [DEBUG] jive-sdk - Registered system event  pushCommentToJive :  Framework handler
[2017-05-02 10:54:48.883] [DEBUG] jive-sdk - Registered system event  commentOnActivity :  Framework handler
[2017-05-02 10:54:48.883] [DEBUG] jive-sdk - Registered system event  commentOnActivityByExternalID :  Framework handler
[2017-05-02 10:54:48.883] [DEBUG] jive-sdk - Registered system event  fetchCommentsOnActivity :  Framework handler
[2017-05-02 10:54:48.883] [DEBUG] jive-sdk - Registered system event  fetchCommentOnActivityByExternalID :  no description
[2017-05-02 10:54:48.883] [DEBUG] jive-sdk - Registered system event  fetchActivityByExternalIDFromJive :  Framework handler
[2017-05-02 10:54:48.883] [DEBUG] jive-sdk - Registered system event  fetchAllCommentsForExtstream :  Framework handler
[2017-05-02 10:54:48.883] [DEBUG] jive-sdk - Registered system event  registration :  no description
[2017-05-02 10:54:48.883] [DEBUG] jive-sdk - Registered system event  unregistration :  no description
[2017-05-02 10:54:48.883] [DEBUG] jive-sdk - Registered system event  clientAppRegistration :  Framework handler
[2017-05-02 10:54:48.893] [DEBUG] jive-sdk - Registered system event  clientAppUnregistration :  Framework handler
[2017-05-02 10:54:48.894] [DEBUG] jive-sdk - Registered system event  getPaginatedResults :  Framework handler
[2017-05-02 10:54:48.895] [DEBUG] jive-sdk - Registered system event  getExternalProps :  Framework handler
[2017-05-02 10:54:48.895] [DEBUG] jive-sdk - Registered system event  setExternalProps :  Framework handler
[2017-05-02 10:54:48.895] [DEBUG] jive-sdk - Registered system event  deleteExternalProps :  Framework handler
[2017-05-02 10:54:48.896] [WARN] jive-sdk - Starting service in HTTP mode
[2017-05-02 10:54:48.898] [DEBUG] jive-sdk - Global framework routes:
[2017-05-02 10:54:48.898] [DEBUG] jive-sdk - POST /registration
[2017-05-02 10:54:48.899] [DEBUG] jive-sdk - POST /unregister
[2017-05-02 10:54:48.899] [DEBUG] jive-sdk - POST /jive/oauth/register
[2017-05-02 10:54:48.899] [DEBUG] jive-sdk - Global dev framework routes:
[2017-05-02 10:54:48.900] [DEBUG] jive-sdk - /dev/tiles
[2017-05-02 10:54:48.900] [DEBUG] jive-sdk - setupExpressApp - Complete.
[2017-05-02 10:54:48.901] [INFO] jive-sdk - Http node setup
[2017-05-02 10:54:48.914] [DEBUG] jive-sdk - definitions:
[
    {
        "sampleData": {
            "title": "sampletile-list tile-list",
            "contents": [
                {
                    "text": "Initial text to be replaced"
                }
            ],
            "config": {
                "listStyle": "contentList"
            }
        },
        "displayName": "sampletile-list",
        "name": "sampletile-list",
        "description": "sampletile-list",
        "style": "LIST",
        "icons": {
            "16": "https://developer.jivesoftware.com/DeveloperAssets/images/icons/jivedev-xsmall.png",
            "48": "https://developer.jivesoftware.com/DeveloperAssets/images/icons/jivedev-small.png",
            "128": "https://developer.jivesoftware.com/DeveloperAssets/images/icons/jivedev-med.png"
        },
        "action": "http://localhost/sampletile-list/action",
        "config": "http://localhost/sampletile-list/configure",
        "unregister": "http://localhost/unregister",
        "register": "http://localhost/registration"
    }
]
[2017-05-02 10:54:48.918] [DEBUG] jive-sdk - templates:
null
[2017-05-02 10:54:48.920] [DEBUG] jive-sdk - apps:
[]
[2017-05-02 10:54:48.921] [DEBUG] jive-sdk - storageDefinitions:
[]
[2017-05-02 10:54:48.922] [DEBUG] jive-sdk - cartridges:
[]
[2017-05-02 10:54:48.928] [DEBUG] jive-sdk - Extension meta: 
{
    "package_version": "1.0",
    "id": "544143c5-9bf5-4ce2-b155-d9f79c7c719e",
    "type": "client-app",
    "name": "sampletile-list",
    "description": "Description for sampletile-list",
    "minimum_version": "0070300000",
    "icon_16": "extension-16.png",
    "icon_48": "extension-48.png",
    "icon_128": "extension-128.png",
    "redirect_url": "%serviceURL%",
    "released_on": "2017-05-02T05:09:04.309Z",
    "service_url": "http://localhost"
}
[2017-05-02 10:54:49.018] [DEBUG] jive-sdk - Zipping extension_src/definition.json to extension.zip  :  definition.json
[2017-05-02 10:54:49.020] [DEBUG] jive-sdk - Zipping extension_src/meta.json to extension.zip  :  meta.json
[2017-05-02 10:54:49.032] [DEBUG] jive-sdk - Zipping extension_src/data/eula.html to extension.zip  :  data/eula.html
[2017-05-02 10:54:49.032] [DEBUG] jive-sdk - Zipping extension_src/data/extension-128.png to extension.zip  :  data/extension-128.png
[2017-05-02 10:54:49.032] [DEBUG] jive-sdk - Zipping extension_src/data/extension-16.png to extension.zip  :  data/extension-16.png
[2017-05-02 10:54:49.032] [DEBUG] jive-sdk - Zipping extension_src/data/extension-48.png to extension.zip  :  data/extension-48.png
[2017-05-02 10:54:49.032] [DEBUG] jive-sdk - Zipping extension_src/data/install_instructions.html to extension.zip  :  data/install_instructions.html
[2017-05-02 10:54:49.032] [DEBUG] jive-sdk - Zipping extension_src/data/overview.html to extension.zip  :  data/overview.html
[2017-05-02 10:54:49.032] [DEBUG] jive-sdk - Zipping extension_src/data/privacy_policy.html to extension.zip  :  data/privacy_policy.html
[2017-05-02 10:54:49.032] [DEBUG] jive-sdk - Zipping extension_src/data/screenshot_1.png to extension.zip  :  data/screenshot_1.png
[2017-05-02 10:54:49.032] [DEBUG] jive-sdk - Zipping extension_src/data/screenshot_2.png to extension.zip  :  data/screenshot_2.png
[2017-05-02 10:54:49.032] [DEBUG] jive-sdk - Zipping extension_src/i18n/en.properties to extension.zip  :  i18n/en.properties
[2017-05-02 10:54:49.032] [DEBUG] jive-sdk - Zipping extension_src/i18n/root.properties to extension.zip  :  i18n/root.properties
[2017-05-02 10:54:49.042] [DEBUG] jive-sdk - Zipping extension_src/public/favicon.ico to extension.zip  :  public/favicon.ico
[2017-05-02 10:54:49.057] [DEBUG] jive-sdk - Zipping extension_src/public/javascripts/bootstrap-30.js to extension.zip  :  public/javascripts/bootstrap-30.js
[2017-05-02 10:54:49.058] [DEBUG] jive-sdk - Zipping extension_src/public/javascripts/bootstrap-30.min.js to extension.zip  :  public/javascripts/bootstrap-30.min.js
[2017-05-02 10:54:49.059] [DEBUG] jive-sdk - Zipping extension_src/public/javascripts/bootstrap.min.js to extension.zip  :  public/javascripts/bootstrap.min.js
[2017-05-02 10:54:49.060] [DEBUG] jive-sdk - Zipping extension_src/public/javascripts/jQuery-1.10.2.js to extension.zip  :  public/javascripts/jQuery-1.10.2.js
[2017-05-02 10:54:49.060] [DEBUG] jive-sdk - Zipping extension_src/public/javascripts/jquery-1.8.3.js to extension.zip  :  public/javascripts/jquery-1.8.3.js
[2017-05-02 10:54:49.061] [DEBUG] jive-sdk - Zipping extension_src/public/javascripts/jquery.base64.min.js to extension.zip  :  public/javascripts/jquery.base64.min.js
[2017-05-02 10:54:49.062] [DEBUG] jive-sdk - Zipping extension_src/public/stylesheets/bootstrap-30.css to extension.zip  :  public/stylesheets/bootstrap-30.css
[2017-05-02 10:54:49.062] [DEBUG] jive-sdk - Zipping extension_src/public/stylesheets/bootstrap-30.min.css to extension.zip  :  public/stylesheets/bootstrap-30.min.css
[2017-05-02 10:54:49.063] [DEBUG] jive-sdk - Zipping extension_src/public/stylesheets/bootstrap.css to extension.zip  :  public/stylesheets/bootstrap.css
[2017-05-02 10:54:49.064] [DEBUG] jive-sdk - Zipping extension_src/public/stylesheets/bootstrap.min.css to extension.zip  :  public/stylesheets/bootstrap.min.css
[2017-05-02 10:54:49.064] [DEBUG] jive-sdk - Zipping extension_src/public/stylesheets/style.css to extension.zip  :  public/stylesheets/style.css
[2017-05-02 10:54:49.071] [DEBUG] jive-sdk - Zipping extension_src/public/tiles/sampletile-list/action.html to extension.zip  :  public/tiles/sampletile-list/action.html
[2017-05-02 10:54:49.072] [DEBUG] jive-sdk - Zipping extension_src/public/tiles/sampletile-list/configuration.html to extension.zip  :  public/tiles/sampletile-list/configuration.html
[2017-05-02 10:54:49.081] [DEBUG] jive-sdk - Zipping extension_src/public/tiles/sampletile-list/javascripts/action.js to extension.zip  :  public/tiles/sampletile-list/javascripts/action.js
[2017-05-02 10:54:49.084] [DEBUG] jive-sdk - Zipping extension_src/public/tiles/sampletile-list/javascripts/main.js to extension.zip  :  public/tiles/sampletile-list/javascripts/main.js
[2017-05-02 10:54:49.086] [DEBUG] jive-sdk - Zipping extension_src/public/tiles/sampletile-list/stylesheets/main.css to extension.zip  :  public/tiles/sampletile-list/stylesheets/main.css
[2017-05-02 10:54:49.160] [INFO] jive-sdk - Bootstrap complete.
[2017-05-02 10:54:49.161] [INFO] jive-sdk - Jive SDK version 0.2.17
[2017-05-02 10:54:49.161] [INFO] jive-sdk - Started service in  self-contained mode
[2017-05-02 10:54:49.162] [DEBUG] jive-sdk - Scheduled task: sampletile-list.10000.0 10000
[2017-05-02 10:54:49.163] [INFO] jive-sdk - Service started in development mode
[2017-05-02 10:55:03.857] [INFO] jive-sdk - Updated 2 data file(s): [tileDefinition, jiveExtension]
